c:\users\ywang246\downloads\informed-rrt-star-main\dllrandom_cpp\debug\dllrandomcpp.pch
c:\users\ywang246\downloads\informed-rrt-star-main\dllrandom_cpp\debug\vc141.pdb
c:\users\ywang246\downloads\informed-rrt-star-main\dllrandom_cpp\debug\vc141.idb
c:\users\ywang246\downloads\informed-rrt-star-main\dllrandom_cpp\debug\pch.obj
c:\users\ywang246\downloads\informed-rrt-star-main\dllrandom_cpp\debug\randomcpp.obj
c:\users\ywang246\downloads\informed-rrt-star-main\dllrandom_cpp\debug\dllrandom_cpp.obj
c:\users\ywang246\downloads\informed-rrt-star-main\dllrandom_cpp\debug\dllmain.obj
c:\users\ywang246\downloads\informed-rrt-star-main\debug\dllrandomcpp.lib
c:\users\ywang246\downloads\informed-rrt-star-main\debug\dllrandomcpp.exp
c:\users\ywang246\downloads\informed-rrt-star-main\debug\dllrandomcpp.ilk
c:\users\ywang246\downloads\informed-rrt-star-main\debug\dllrandomcpp.dll
c:\users\ywang246\downloads\informed-rrt-star-main\debug\dllrandomcpp.pdb
c:\users\ywang246\downloads\informed_rrt_star_main\dllrandom_cpp\debug\dllmain.obj
c:\users\ywang246\downloads\informed_rrt_star_main\dllrandom_cpp\debug\dllrandom_cpp.obj
c:\users\ywang246\downloads\informed_rrt_star_main\dllrandom_cpp\debug\pch.obj
c:\users\ywang246\downloads\informed_rrt_star_main\dllrandom_cpp\debug\randomcpp.obj
c:\users\ywang246\downloads\informed_rrt_star_main\dllrandom_cpp\debug\dllrandomcpp.pch
c:\users\ywang246\downloads\informed_rrt_star_main\dllrandom_cpp\debug\vc141.idb
c:\users\ywang246\downloads\informed_rrt_star_main\dllrandom_cpp\debug\vc141.pdb
c:\users\ywang246\downloads\informed_rrt_star_main\debug\dllrandomcpp.pdb
c:\users\ywang246\downloads\informed_rrt_star_main\debug\dllrandomcpp.dll
c:\users\ywang246\downloads\informed_rrt_star_main\debug\dllrandomcpp.ilk
c:\users\ywang246\downloads\informed_rrt_star_main\dllrandom_cpp\debug\dllrandom_cpp.tlog\cl.command.1.tlog
c:\users\ywang246\downloads\informed_rrt_star_main\dllrandom_cpp\debug\dllrandom_cpp.tlog\cl.read.1.tlog
c:\users\ywang246\downloads\informed_rrt_star_main\dllrandom_cpp\debug\dllrandom_cpp.tlog\cl.write.1.tlog
c:\users\ywang246\downloads\informed_rrt_star_main\dllrandom_cpp\debug\dllrandom_cpp.tlog\dllrandom_cpp.write.1u.tlog
c:\users\ywang246\downloads\informed_rrt_star_main\dllrandom_cpp\debug\dllrandom_cpp.tlog\link.command.1.tlog
c:\users\ywang246\downloads\informed_rrt_star_main\dllrandom_cpp\debug\dllrandom_cpp.tlog\link.read.1.tlog
c:\users\ywang246\downloads\informed_rrt_star_main\dllrandom_cpp\debug\dllrandom_cpp.tlog\link.write.1.tlog
