c:\users\ywang246\source\repos\rrtrobot\rrtrobot\dllrandom_cpp\x64\debug\dllrandomcpp.pch
c:\users\ywang246\source\repos\rrtrobot\rrtrobot\dllrandom_cpp\x64\debug\vc141.pdb
c:\users\ywang246\source\repos\rrtrobot\rrtrobot\dllrandom_cpp\x64\debug\vc141.idb
c:\users\ywang246\source\repos\rrtrobot\rrtrobot\dllrandom_cpp\x64\debug\pch.obj
c:\users\ywang246\source\repos\rrtrobot\rrtrobot\dllrandom_cpp\x64\debug\randomcpp.obj
c:\users\ywang246\source\repos\rrtrobot\rrtrobot\dllrandom_cpp\x64\debug\dllrandom_cpp.obj
c:\users\ywang246\source\repos\rrtrobot\rrtrobot\dllrandom_cpp\x64\debug\dllmain.obj
c:\program files\tecnomatix_2206.0\empower\dotnetcommands\debug\dllrandomcpp.lib
c:\program files\tecnomatix_2206.0\empower\dotnetcommands\debug\dllrandomcpp.exp
c:\program files\tecnomatix_2206.0\empower\dotnetcommands\debug\dllrandomcpp.ilk
c:\program files\tecnomatix_2206.0\empower\dotnetcommands\debug\dllrandomcpp.dll
c:\program files\tecnomatix_2206.0\empower\dotnetcommands\debug\dllrandomcpp.pdb
c:\users\ywang246\source\repos\rrtrobot\rrtrobot\dllrandom_cpp\x64\debug\dllrandom_cpp.tlog\cl.command.1.tlog
c:\users\ywang246\source\repos\rrtrobot\rrtrobot\dllrandom_cpp\x64\debug\dllrandom_cpp.tlog\cl.read.1.tlog
c:\users\ywang246\source\repos\rrtrobot\rrtrobot\dllrandom_cpp\x64\debug\dllrandom_cpp.tlog\cl.write.1.tlog
c:\users\ywang246\source\repos\rrtrobot\rrtrobot\dllrandom_cpp\x64\debug\dllrandom_cpp.tlog\dllrandom_cpp.write.1u.tlog
c:\users\ywang246\source\repos\rrtrobot\rrtrobot\dllrandom_cpp\x64\debug\dllrandom_cpp.tlog\link.command.1.tlog
c:\users\ywang246\source\repos\rrtrobot\rrtrobot\dllrandom_cpp\x64\debug\dllrandom_cpp.tlog\link.delete.1.tlog
c:\users\ywang246\source\repos\rrtrobot\rrtrobot\dllrandom_cpp\x64\debug\dllrandom_cpp.tlog\link.read.1.tlog
c:\users\ywang246\source\repos\rrtrobot\rrtrobot\dllrandom_cpp\x64\debug\dllrandom_cpp.tlog\link.write.1.tlog
